<?xml version="1.0" encoding="UTF-8"?>
<!-- Generated by org.testng.reporters.JUnitReportReporter -->
<testsuite hostname="A-SQUARE" failures="0" tests="1" name="gravityEng.LoginTestCase" time="17.781" errors="0" timestamp="2024-07-27T15:35:58 IST" skipped="0">
  <testcase classname="gravityEng.LoginTestCase" name="login" time="17.781"/>
  <system-out/>
</testsuite> <!-- gravityEng.LoginTestCase -->
