<?xml version="1.0" encoding="UTF-8"?>
<!-- Generated by org.testng.reporters.JUnitReportReporter -->
<testsuite hostname="A-SQUARE" failures="0" tests="1" name="gravityEng.CreateUser" time="7.276" errors="0" timestamp="2024-07-27T16:09:38 IST" skipped="0">
  <testcase classname="gravityEng.CreateUser" name="testCreateNewUser" time="7.276"/>
  <system-out/>
</testsuite> <!-- gravityEng.CreateUser -->
